
REQUEST DETAILS
---------------
ID: REQ-1740519761931
Type: book_hold
Customer: Marty McFly
Contact: marty@mcfly.com
Details: test request
Priority: low
Timestamp: 2025-02-25T21:42:41.931Z
---------------


REQUEST DETAILS
---------------
ID: REQ-1740520904853
Type: book_hold
Customer: Test Name 5
Contact: test@test.com
Details: book request
Priority: high
Timestamp: 2025-02-25T22:01:44.853Z
---------------


REQUEST CREATED
-----------------
ID: REQ-1740847028583
TYPE: book_hold
CUSTOMER: Test Name 0301
CONTACT: test@test.com
DETAILS: A book title here
PRIORITY: high
TIMESTAMP: 2025-03-01T16:37:11.028Z
-----------------


REQUEST CREATED
-----------------
ID: REQ-1740847109885
TYPE: book_hold
CUSTOMER: Dry Tortugas
CONTACT: test@test.com
DETAILS: book title
PRIORITY: low
TIMESTAMP: 2025-03-01T16:38:31.984Z
-----------------


REQUEST CREATED
-----------------
ID: REQ-1740847607947
TYPE: book_hold
CUSTOMER: Test Name 99
CONTACT: test99@test.com
DETAILS: book hold
PRIORITY: standard
TIMESTAMP: 2025-03-01T16:46:49.764Z
-----------------


REQUEST CREATED
-----------------
ID: REQ-1740848292375
TYPE: book_hold
CUSTOMER: test name 100
CONTACT: test100@test.com
DETAILS: book hold title
PRIORITY: standard
TIMESTAMP: 2025-03-01T16:58:14.474Z
-----------------


REQUEST CREATED
-----------------
ID: REQ-1740848349173
TYPE: book_hold
CUSTOMER: test name 101
CONTACT: test101@test.com
DETAILS: book title
PRIORITY: high
TIMESTAMP: 2025-03-01T16:59:10.626Z
-----------------


REQUEST CREATED
-----------------
ID: REQ-1740859999411
TYPE: book_hold
CUSTOMER: Test Name
CONTACT: 212-876-5550

ISBN: 9789814893930
DETAILS: The Tea Sommelier


PRIORITY: urgent
TIMESTAMP: 2025-03-01T20:13:23.480Z
-----------------


REQUEST CREATED
-----------------
ID: REQ-1740860481552
TYPE: book_hold
CUSTOMER: Test Name
CONTACT: 212-876-5550

ISBN: 9789814893930
DETAILS: The Tea Sommelier


PRIORITY: standard
TIMESTAMP: 2025-03-01T20:21:23.815Z
-----------------


REQUEST CREATED
-----------------
ID: REQ-1740860698668
TYPE: book_hold
CUSTOMER: Julia Child
CONTACT: 212-876-5550

ISBN: 9789814893930
DETAILS: The Tea Sommelier


PRIORITY: high
TIMESTAMP: 2025-03-01T20:25:00.733Z
-----------------


REQUEST CREATED
-----------------
ID: REQ-1740861157040
TYPE: book_hold
CUSTOMER: Test Name
CONTACT: 212-876-5550

ISBN: 9789814893930
DETAILS: The Tea Sommelier


PRIORITY: high
TIMESTAMP: 2025-03-01T20:32:38.993Z
-----------------


REQUEST CREATED
-----------------
ID: REQ-1740863154058
TYPE: book_hold
CUSTOMER: Test Name
CONTACT: 212-876-5550

ISBN: 9789814893930
DETAILS: The Tea Sommelier


PRIORITY: high
TIMESTAMP: 2025-03-01T21:05:55.876Z
-----------------


REQUEST CREATED
-----------------
ID: REQ-1740864859525
TYPE: book_hold
CUSTOMER: Test Name
CONTACT: 21233333

ISBN: 978238248792
DETAILS: A book


PRIORITY: high
TIMESTAMP: 2025-03-01T21:34:21.052Z
-----------------


REQUEST CREATED
-----------------
ID: REQ-1740866962271
TYPE: book_hold
CUSTOMER: fweaf
CONTACT: fadsjif

ISBN: fadij
DETAILS: fadisfj


PRIORITY: standard
TIMESTAMP: 2025-03-01T22:09:23.707Z
-----------------


REQUEST CREATED
-----------------
ID: REQ-1740867028190
TYPE: book_hold
CUSTOMER: udfhadsu
CONTACT: fausdh

ISBN: fadsufhad
DETAILS: faisdfja


PRIORITY: high
TIMESTAMP: 2025-03-01T22:10:29.709Z
-----------------


REQUEST CREATED
-----------------
ID: REQ-1741031845066
TYPE: book_hold
CUSTOMER: Gil
CONTACT: gil@gil.com

ISBN: 97838328484848
DETAILS: Book details


PRIORITY: high
TIMESTAMP: 2025-03-03T19:57:27.161Z
-----------------


REQUEST CREATED
-----------------
ID: REQ-1741036490746
TYPE: book_hold
CUSTOMER: Test
CONTACT: test

ISBN: test
DETAILS: test


PRIORITY: high
TIMESTAMP: 2025-03-03T21:14:52.967Z
-----------------


REQUEST CREATED
-----------------
ID: REQ-1741041724319
TYPE: book_hold
CUSTOMER: adsfa
CONTACT: asdfasd

ISBN: asdf
DETAILS: asdf


PRIORITY: standard
TIMESTAMP: 2025-03-03T22:42:05.721Z
-----------------


REQUEST CREATED
-----------------
ID: REQ-1741103519046
TYPE: book_hold
CUSTOMER: afdsf
CONTACT: adsf

ISBN: asfsd
DETAILS: afdafd


PRIORITY: standard
TIMESTAMP: 2025-03-04T15:52:02.783Z
-----------------


REQUEST CREATED
-----------------
ID: REQ-1741108106045
TYPE: book_hold
CUSTOMER: dsfasdf
CONTACT: adsfa

ISBN: adsfa
DETAILS: afddas


PRIORITY: standard
TIMESTAMP: 2025-03-04T17:08:27.373Z
-----------------


REQUEST CREATED
-----------------
ID: REQ-1741108649079
TYPE: book_hold
CUSTOMER: adfa
CONTACT: asdfa

ISBN: asdfas
DETAILS: asdfasd


PRIORITY: standard
TIMESTAMP: 2025-03-04T17:17:31.023Z
-----------------


REQUEST CREATED
-----------------
ID: REQ-1741110399846
TYPE: book_hold
CUSTOMER: fsdfa
CONTACT: afad

ISBN: adfa
DETAILS: asdfa


PRIORITY: standard
TIMESTAMP: 2025-03-04T17:46:41.245Z
-----------------


REQUEST CREATED
-----------------
ID: REQ-1741111071293
TYPE: book_hold
CUSTOMER: fadsfa
CONTACT: asdf

ISBN: adsf
DETAILS: fadsfa


PRIORITY: standard
TIMESTAMP: 2025-03-04T17:57:52.775Z
-----------------


REQUEST CREATED
-----------------
ID: REQ-1741111108132
TYPE: book_hold
CUSTOMER: asfad
CONTACT: fasdfa

ISBN: 978666
DETAILS: afadsf


PRIORITY: standard
TIMESTAMP: 2025-03-04T17:58:29.332Z
-----------------


REQUEST CREATED
-----------------
ID: REQ-1741111969473
TYPE: book_hold
CUSTOMER: fadfa
CONTACT: asdfa

ISBN: 9781111111113
DETAILS: fadf


PRIORITY: low
TIMESTAMP: 2025-03-04T18:12:51.980Z
-----------------


REQUEST CREATED
-----------------
ID: REQ-1741112864317
TYPE: book_hold
CUSTOMER: adfadsf
CONTACT: asdfsadf

ISBN: 9781454944461
DETAILS: afdsfa


PRIORITY: standard
TIMESTAMP: 2025-03-04T18:27:46.637Z
-----------------


REQUEST CREATED
-----------------
ID: REQ-1741115672566
TYPE: book_hold
CUSTOMER: fasdf
CONTACT: gil.fadsj.com

ISBN: TEST
DETAILS: fdjaf


PRIORITY: high
TIMESTAMP: 2025-03-04T19:14:35.235Z
-----------------


REQUEST CREATED
-----------------
ID: REQ-1741115821107
TYPE: book_hold
CUSTOMER: gil
CONTACT: 9445

ISBN: TEST
DETAILS: test


PRIORITY: standard
TIMESTAMP: 2025-03-04T19:17:02.581Z
-----------------


REQUEST CREATED
-----------------
ID: REQ-1741117571559
TYPE: book_hold
CUSTOMER: TEST
CONTACT: test@Test.com

ISBN: TEST
DETAILS: Test


PRIORITY: standard
TIMESTAMP: 2025-03-04T19:46:14.544Z
-----------------

