

BOOK HOLD TICKET
=====================================
Request ID: REQ-1740859999411
Date: 3/1/2025, 3:13:23 PM
-------------------------------------
Customer: Test Name
Contact: 212-876-5550
-------------------------------------
Request Details:
The Tea Sommelier
-------------------------------------
Priority: urgent
Status: PENDING
=====================================
Logged by Request Management System
    


BOOK HOLD TICKET
=====================================
Request ID: REQ-1740860481552
Date: 3/1/2025, 3:21:23 PM
-------------------------------------
Customer: Test Name
Contact: 212-876-5550
-------------------------------------
Request Details:
The Tea Sommelier
-------------------------------------
Priority: standard
Status: PENDING
=====================================
Logged by Request Management System
    


BOOK HOLD TICKET
=====================================
Request ID: REQ-1740860698668
Date: 3/1/2025, 3:25:00 PM
-------------------------------------
Customer: Julia Child
Contact: 212-876-5550
-------------------------------------
Request Details:
The Tea Sommelier
-------------------------------------
Priority: high
Status: PENDING
=====================================
Logged by Request Management System
    


BOOK HOLD TICKET
=====================================
Request ID: REQ-1740861157040
Date: 3/1/2025, 3:32:38 PM
-------------------------------------
Customer: Test Name
Contact: 212-876-5550
-------------------------------------
Request Details:
The Tea Sommelier
-------------------------------------
Priority: high
Status: PENDING
=====================================
Logged by Request Management System
    


BOOK HOLD TICKET
=====================================
Request ID: REQ-1740863154058
Date: 3/1/2025, 4:05:55 PM
-------------------------------------
Customer: Test Name
Contact: 212-876-5550
-------------------------------------
Request Details:
The Tea Sommelier
-------------------------------------
Priority: high
Status: PENDING
=====================================
Logged by Request Management System
    


BOOK HOLD TICKET
=====================================
Request ID: REQ-1740864859525
Date: 3/1/2025, 4:34:21 PM
-------------------------------------
Customer: Test Name
Contact: 21233333
-------------------------------------
Request Details:
A book
-------------------------------------
Priority: high
Status: PENDING
=====================================
Logged by Request Management System
    


BOOK HOLD TICKET
=====================================
Request ID: REQ-1740866962271
Date: 3/1/2025, 5:09:23 PM
-------------------------------------
Customer: fweaf
Contact: fadsjif
-------------------------------------
Request Details:
fadisfj
-------------------------------------
Priority: standard
Status: PENDING
=====================================
Logged by Request Management System
    


BOOK HOLD TICKET
=====================================
Request ID: REQ-1740867028190
Date: 3/1/2025, 5:10:29 PM
-------------------------------------
Customer: udfhadsu
Contact: fausdh
-------------------------------------
Request Details:
faisdfja
-------------------------------------
Priority: high
Status: PENDING
=====================================
Logged by Request Management System
    


BOOK HOLD TICKET
=====================================
Request ID: REQ-1741031845066
Date: 3/3/2025, 2:57:27 PM
-------------------------------------
Customer: Gil
Contact: gil@gil.com
-------------------------------------
Request Details:
Book details
-------------------------------------
Priority: high
Status: PENDING
=====================================
Logged by Request Management System
    


BOOK HOLD TICKET
=====================================
Request ID: REQ-1741036490746
Date: 3/3/2025, 4:14:52 PM
-------------------------------------
Customer: Test
Contact: test
-------------------------------------
Request Details:
test
-------------------------------------
Priority: high
Status: PENDING
=====================================
Logged by Request Management System
    


BOOK HOLD TICKET
=====================================
Request ID: REQ-1741041724319
Date: 3/3/2025, 5:42:05 PM
-------------------------------------
Customer: adsfa
Contact: asdfasd
-------------------------------------
Request Details:
asdf
-------------------------------------
Priority: standard
Status: PENDING
=====================================
Logged by Request Management System
    


BOOK HOLD TICKET
=====================================
Request ID: REQ-1741103519046
Date: 3/4/2025, 10:52:02 AM
-------------------------------------
Customer: afdsf
Contact: adsf
-------------------------------------
Request Details:
afdafd
-------------------------------------
Priority: standard
Status: PENDING
=====================================
Logged by Request Management System
    


BOOK HOLD TICKET
=====================================
Request ID: REQ-1741108106045
Date: 3/4/2025, 12:08:27 PM
-------------------------------------
Customer: dsfasdf
Contact: adsfa
-------------------------------------
Request Details:
afddas
-------------------------------------
Priority: standard
Status: PENDING
=====================================
Logged by Request Management System
    


BOOK HOLD TICKET
=====================================
Request ID: REQ-1741108649079
Date: 3/4/2025, 12:17:31 PM
-------------------------------------
Customer: adfa
Contact: asdfa
-------------------------------------
Request Details:
asdfasd
-------------------------------------
Priority: standard
Status: PENDING
=====================================
Logged by Request Management System
    


BOOK HOLD TICKET
=====================================
Request ID: REQ-1741110399846
Date: 3/4/2025, 12:46:41 PM
-------------------------------------
Customer: fsdfa
Contact: afad
-------------------------------------
Request Details:
asdfa
-------------------------------------
Priority: standard
Status: PENDING
=====================================
Logged by Request Management System
    


BOOK HOLD TICKET
=====================================
Request ID: REQ-1741111071293
Date: 3/4/2025, 12:57:52 PM
-------------------------------------
Customer: fadsfa
Contact: asdf
-------------------------------------
Request Details:
fadsfa
-------------------------------------
Priority: standard
Status: PENDING
=====================================
Logged by Request Management System
    


BOOK HOLD TICKET
=====================================
Request ID: REQ-1741111108132
Date: 3/4/2025, 12:58:29 PM
-------------------------------------
Customer: asfad
Contact: fasdfa
-------------------------------------
Request Details:
afadsf
-------------------------------------
Priority: standard
Status: PENDING
=====================================
Logged by Request Management System
    


BOOK HOLD TICKET
=====================================
Request ID: REQ-1741111969473
Date: 3/4/2025, 1:12:51 PM
-------------------------------------
Customer: fadfa
Contact: asdfa
-------------------------------------
Request Details:
fadf
-------------------------------------
Priority: low
Status: PENDING
=====================================
Logged by Request Management System
    


BOOK HOLD TICKET
=====================================
Request ID: REQ-1741112864317
Date: 3/4/2025, 1:27:46 PM
-------------------------------------
Customer: adfadsf
Contact: asdfsadf
-------------------------------------
Request Details:
afdsfa
-------------------------------------
Priority: standard
Status: PENDING
=====================================
Logged by Request Management System
    


BOOK HOLD TICKET
=====================================
Request ID: REQ-1741115672566
Date: 3/4/2025, 2:14:35 PM
-------------------------------------
Customer: fasdf
Contact: gil.fadsj.com
-------------------------------------
Request Details:
fdjaf
-------------------------------------
Priority: high
Status: PENDING
=====================================
Logged by Request Management System
    


BOOK HOLD TICKET
=====================================
Request ID: REQ-1741115821107
Date: 3/4/2025, 2:17:02 PM
-------------------------------------
Customer: gil
Contact: 9445
-------------------------------------
Request Details:
test
-------------------------------------
Priority: standard
Status: PENDING
=====================================
Logged by Request Management System
    


BOOK HOLD TICKET
=====================================
Request ID: REQ-1741117571559
Date: 3/4/2025, 2:46:14 PM
-------------------------------------
Customer: TEST
Contact: test@Test.com
-------------------------------------
Request Details:
Test
-------------------------------------
Priority: standard
Status: PENDING
=====================================
Logged by Request Management System
    
