
REQUEST DETAILS
---------------
ID: REQ-1740519803208
Type: special_order
Customer: Test Name 4
Contact: 212-555-1111
Details: Test book
Priority: high
Timestamp: 2025-02-25T21:43:23.208Z
---------------


REQUEST DETAILS
---------------
ID: REQ-1740521169548
Type: special_order
Customer: Test Name 6
Contact: test@test.com
Details: book
Priority: urgent
Timestamp: 2025-02-25T22:06:09.548Z
---------------


REQUEST CREATED
-----------------
ID: REQ-1740865234960
TYPE: special_order
CUSTOMER: Test Name
CONTACT: 224944848
VENDOR/PUBLISHER: RDH

DETAILS: THe Name of the book
DATE NEEDED: 2025-04-16

PRIORITY: high
TIMESTAMP: 2025-03-01T21:40:36.334Z
-----------------


REQUEST CREATED
-----------------
ID: REQ-1740866926559
TYPE: special_order
CUSTOMER: fjadsi
CONTACT: fasidjf
VENDOR/PUBLISHER: fadij

DETAILS: fdsaij
DATE NEEDED: 2025-03-26

PRIORITY: standard
TIMESTAMP: 2025-03-01T22:08:48.324Z
-----------------


REQUEST CREATED
-----------------
ID: REQ-1740867330753
TYPE: special_order
CUSTOMER: afds
CONTACT: fadsjf
VENDOR/PUBLISHER: fadsif

DETAILS: fadsf
DATE NEEDED: 2025-03-20

PRIORITY: standard
TIMESTAMP: 2025-03-01T22:15:32.000Z
-----------------


REQUEST CREATED
-----------------
ID: REQ-1740867386780
TYPE: special_order
CUSTOMER: fadf
CONTACT: fadsf
VENDOR/PUBLISHER: fads

DETAILS: fad
DATE NEEDED: 2025-03-28

PRIORITY: standard
TIMESTAMP: 2025-03-01T22:16:27.867Z
-----------------


REQUEST CREATED
-----------------
ID: REQ-1740867876847
TYPE: special_order
CUSTOMER: fad
CONTACT: fadij
VENDOR/PUBLISHER: fadsij

DETAILS: qfadij
DATE NEEDED: 2025-03-13

PRIORITY: standard
TIMESTAMP: 2025-03-01T22:24:38.127Z
-----------------


REQUEST CREATED
-----------------
ID: REQ-1740867983098
TYPE: special_order
CUSTOMER: afasdf
CONTACT: fadsf
VENDOR/PUBLISHER: fadsf

DETAILS: fdafd
DATE NEEDED: 2025-03-27

PRIORITY: standard
TIMESTAMP: 2025-03-01T22:26:24.743Z
-----------------


REQUEST CREATED
-----------------
ID: REQ-1740868096398
TYPE: special_order
CUSTOMER: afdas
CONTACT: dsafase
VENDOR/PUBLISHER: dasf

DETAILS: adfdsa
DATE NEEDED: 2025-03-17

PRIORITY: high
TIMESTAMP: 2025-03-01T22:28:17.804Z
-----------------


REQUEST CREATED
-----------------
ID: REQ-1740868234213
TYPE: special_order
CUSTOMER: dfdsaf
CONTACT: asdf
VENDOR/PUBLISHER: adf

DETAILS: asdf
DATE NEEDED: 2025-03-26

PRIORITY: standard
TIMESTAMP: 2025-03-01T22:30:35.716Z
-----------------


REQUEST CREATED
-----------------
ID: REQ-1740868509631
TYPE: special_order
CUSTOMER: dfsdaf
CONTACT: faidsfj
VENDOR/PUBLISHER: fasdfij

DETAILS: fadsf
DATE NEEDED: 2025-03-19

PRIORITY: high
TIMESTAMP: 2025-03-01T22:35:11.494Z
-----------------


REQUEST CREATED
-----------------
ID: REQ-1741025319249
TYPE: special_order
CUSTOMER: Test Name
CONTACT: 212-876-5550
VENDOR/PUBLISHER: RDH

DETAILS: Book details
DATE NEEDED: 2025-03-02

PRIORITY: standard
TIMESTAMP: 2025-03-03T18:08:40.669Z
-----------------


REQUEST CREATED
-----------------
ID: REQ-1741027971368
TYPE: special_order
CUSTOMER: GC
CONTACT: gc@gc.com
VENDOR/PUBLISHER: RDH

DETAILS: Book details
DATE NEEDED: 2025-03-02

PRIORITY: standard
TIMESTAMP: 2025-03-03T18:52:52.985Z
-----------------


REQUEST CREATED
-----------------
ID: REQ-1741037138775
TYPE: special_order
CUSTOMER: Test
CONTACT: Test
VENDOR/PUBLISHER: Test

DETAILS: test
DATE NEEDED: 2025-03-02

PRIORITY: standard
TIMESTAMP: 2025-03-03T21:25:40.374Z
-----------------


REQUEST CREATED
-----------------
ID: REQ-1741039697878
TYPE: special_order
CUSTOMER: Gil
CONTACT: Gil
VENDOR/PUBLISHER: Gil

DETAILS: gil
DATE NEEDED: 2025-03-05

PRIORITY: standard
TIMESTAMP: 2025-03-03T22:08:20.550Z
-----------------


REQUEST CREATED
-----------------
ID: REQ-1741040427950
TYPE: special_order
CUSTOMER: gil
CONTACT: gil
VENDOR/PUBLISHER: gil

DETAILS: gil
DATE NEEDED: 2025-03-05

PRIORITY: standard
TIMESTAMP: 2025-03-03T22:20:30.378Z
-----------------


REQUEST CREATED
-----------------
ID: REQ-1741040794802
TYPE: special_order
CUSTOMER: gi
CONTACT: gi
VENDOR/PUBLISHER: gig

DETAILS: gai
DATE NEEDED: 2025-03-05

PRIORITY: low
TIMESTAMP: 2025-03-03T22:26:36.755Z
-----------------


REQUEST CREATED
-----------------
ID: REQ-1741040993451
TYPE: special_order
CUSTOMER: fasdfasd
CONTACT: asdfasd
VENDOR/PUBLISHER: asfasd

DETAILS: asdfa
DATE NEEDED: 2025-03-04

PRIORITY: high
TIMESTAMP: 2025-03-03T22:29:55.032Z
-----------------


REQUEST CREATED
-----------------
ID: REQ-1741041141312
TYPE: special_order
CUSTOMER: fasdf
CONTACT: fadsf
VENDOR/PUBLISHER: asdfasd

DETAILS: sdafsfa
DATE NEEDED: 2025-03-04

PRIORITY: standard
TIMESTAMP: 2025-03-03T22:32:22.881Z
-----------------


REQUEST CREATED
-----------------
ID: REQ-1741041284647
TYPE: special_order
CUSTOMER: safasd
CONTACT: asdfads
VENDOR/PUBLISHER: asdfasd

DETAILS: sadfasd
DATE NEEDED: 2025-03-04

PRIORITY: standard
TIMESTAMP: 2025-03-03T22:34:46.073Z
-----------------


REQUEST CREATED
-----------------
ID: REQ-1741041558402
TYPE: special_order
CUSTOMER: dsD
CONTACT: adsfdsa
VENDOR/PUBLISHER: adfads

DETAILS: asdfasd
DATE NEEDED: 2025-03-04

PRIORITY: low
TIMESTAMP: 2025-03-03T22:39:20.314Z
-----------------


REQUEST CREATED
-----------------
ID: REQ-1741042212862
TYPE: special_order
CUSTOMER: fadsf
CONTACT: adfds
VENDOR/PUBLISHER: adf

DETAILS: asdf
DATE NEEDED: 2025-03-04

PRIORITY: low
TIMESTAMP: 2025-03-03T22:50:15.102Z
-----------------


REQUEST CREATED
-----------------
ID: REQ-1741042512230
TYPE: special_order
CUSTOMER: dsfsdf
CONTACT: sdfsd
VENDOR/PUBLISHER: sdfsd

DETAILS: sdfsd
DATE NEEDED: 2025-03-04

PRIORITY: standard
TIMESTAMP: 2025-03-03T22:55:13.995Z
-----------------


REQUEST CREATED
-----------------
ID: REQ-1741106871260
TYPE: special_order
CUSTOMER: adfasd
CONTACT: asdfas
VENDOR/PUBLISHER: safsad

DETAILS: asdfda
DATE NEEDED: 2025-03-05

PRIORITY: standard
TIMESTAMP: 2025-03-04T16:47:53.961Z
-----------------


REQUEST CREATED
-----------------
ID: REQ-1741108012821
TYPE: special_order
CUSTOMER: afda
CONTACT: asdf
VENDOR/PUBLISHER: adsf

DETAILS: asdf
DATE NEEDED: 2025-03-05

PRIORITY: high
TIMESTAMP: 2025-03-04T17:06:55.360Z
-----------------


REQUEST CREATED
-----------------
ID: REQ-1741118428889
TYPE: special_order
CUSTOMER: test
CONTACT: test@test.com
VENDOR/PUBLISHER: test
ISBN: test
DETAILS: test
DATE NEEDED: 2025-03-07

PRIORITY: standard
TIMESTAMP: 2025-03-04T20:00:31.151Z
-----------------

